2023-07-09 14:30:58,307 p=3535 u=ubuntu n=ansible | ERROR! 'taskS' is not a valid attribute for a Play

The error appears to be in '/home/ubuntu/ansible-aws-vpc/provision-stack/build.yml': line 1, column 3, but may
be elsewhere in the file depending on the exact syntax problem.

The offending line appears to be:


- name: Generate Artifact, copy artifact & sql file to files directory
  ^ here

2023-07-09 14:31:43,211 p=3551 u=ubuntu n=ansible | ERROR! conflicting action statements: copy, withfileglob

The error appears to be in '/home/ubuntu/ansible-aws-vpc/provision-stack/build.yml': line 30, column 7, but may
be elsewhere in the file depending on the exact syntax problem.

The offending line appears to be:


    - name: Copy arifacts to files directory
      ^ here

2023-07-09 14:33:18,560 p=3568 u=ubuntu n=ansible | PLAY [Generate Artifact, copy artifact & sql file to files directory] **********
2023-07-09 14:33:18,569 p=3568 u=ubuntu n=ansible | TASK [Gathering Facts] *********************************************************
2023-07-09 14:33:20,436 p=3568 u=ubuntu n=ansible | ok: [localhost]
2023-07-09 14:33:20,459 p=3568 u=ubuntu n=ansible | TASK [Install jdk, maven, git] *************************************************
2023-07-09 14:33:34,537 p=3568 u=ubuntu n=ansible | ok: [localhost] => (item=git)
2023-07-09 14:34:32,014 p=3568 u=ubuntu n=ansible | changed: [localhost] => (item=openjdk-8-jdk)
2023-07-09 14:34:43,066 p=3568 u=ubuntu n=ansible | changed: [localhost] => (item=maven)
2023-07-09 14:34:43,081 p=3568 u=ubuntu n=ansible | TASK [Clone Source Code from github] *******************************************
2023-07-09 14:34:49,037 p=3568 u=ubuntu n=ansible | changed: [localhost]
2023-07-09 14:34:49,051 p=3568 u=ubuntu n=ansible | TASK [mvn install command to build artifact] ***********************************
2023-07-09 14:35:32,495 p=3568 u=ubuntu n=ansible | changed: [localhost]
2023-07-09 14:35:32,543 p=3568 u=ubuntu n=ansible | TASK [Copy arifacts to files directory] ****************************************
2023-07-09 14:35:33,871 p=3568 u=ubuntu n=ansible | changed: [localhost] => (item=/home/ubuntu/ansible-aws-vpc/provision-stack/Vprofile-repo/target/vprofile-v2.war)
2023-07-09 14:35:33,883 p=3568 u=ubuntu n=ansible | TASK [Copy SQL file to files directory] ****************************************
2023-07-09 14:35:34,341 p=3568 u=ubuntu n=ansible | changed: [localhost]
2023-07-09 14:35:34,371 p=3568 u=ubuntu n=ansible | PLAY RECAP *********************************************************************
2023-07-09 14:35:34,371 p=3568 u=ubuntu n=ansible | localhost                  : ok=6    changed=5    unreachable=0    failed=0    skipped=0    rescued=0    ignored=0   
2023-07-09 14:39:12,011 p=8014 u=ubuntu n=ansible | ERROR! 'host' is not a valid attribute for a Play

The error appears to be in '/home/ubuntu/ansible-aws-vpc/provision-stack/set_host_ip_map.yml': line 1, column 3, but may
be elsewhere in the file depending on the exact syntax problem.

The offending line appears to be:


- name: Set host to ip mapping in /etc/hosts file of all the instances in the stack
  ^ here

2023-07-09 14:39:40,699 p=8030 u=ubuntu n=ansible | PLAY [Set host to ip mapping in /etc/hosts file of all the instances in the stack] ***
2023-07-09 14:39:40,717 p=8030 u=ubuntu n=ansible | TASK [Gathering Facts] *********************************************************
2023-07-09 14:39:42,507 p=8030 u=ubuntu n=ansible | ok: [web01]
2023-07-09 14:39:42,894 p=8030 u=ubuntu n=ansible | ok: [cntl]
2023-07-09 14:39:43,608 p=8030 u=ubuntu n=ansible | ok: [app01]
2023-07-09 14:39:43,860 p=8030 u=ubuntu n=ansible | ok: [mc01]
2023-07-09 14:39:44,150 p=8030 u=ubuntu n=ansible | ok: [rmq01]
2023-07-09 14:39:45,271 p=8030 u=ubuntu n=ansible | ok: [db01]
2023-07-09 14:39:45,356 p=8030 u=ubuntu n=ansible | TASK [Import VPC setup variable] ***********************************************
2023-07-09 14:39:45,415 p=8030 u=ubuntu n=ansible | ok: [cntl]
2023-07-09 14:39:45,437 p=8030 u=ubuntu n=ansible | ok: [web01]
2023-07-09 14:39:45,459 p=8030 u=ubuntu n=ansible | ok: [app01]
2023-07-09 14:39:45,482 p=8030 u=ubuntu n=ansible | ok: [rmq01]
2023-07-09 14:39:45,487 p=8030 u=ubuntu n=ansible | ok: [mc01]
2023-07-09 14:39:45,497 p=8030 u=ubuntu n=ansible | ok: [db01]
2023-07-09 14:39:45,507 p=8030 u=ubuntu n=ansible | TASK [Update hosts files for all the hosts] ************************************
2023-07-09 14:39:46,378 p=8030 u=ubuntu n=ansible | changed: [mc01]
2023-07-09 14:39:46,379 p=8030 u=ubuntu n=ansible | changed: [web01]
2023-07-09 14:39:46,382 p=8030 u=ubuntu n=ansible | changed: [app01]
2023-07-09 14:39:46,382 p=8030 u=ubuntu n=ansible | changed: [rmq01]
2023-07-09 14:39:46,454 p=8030 u=ubuntu n=ansible | changed: [cntl]
2023-07-09 14:39:46,703 p=8030 u=ubuntu n=ansible | changed: [db01]
2023-07-09 14:39:46,858 p=8030 u=ubuntu n=ansible | PLAY RECAP *********************************************************************
2023-07-09 14:39:46,858 p=8030 u=ubuntu n=ansible | app01                      : ok=3    changed=1    unreachable=0    failed=0    skipped=0    rescued=0    ignored=0   
2023-07-09 14:39:46,859 p=8030 u=ubuntu n=ansible | cntl                       : ok=3    changed=1    unreachable=0    failed=0    skipped=0    rescued=0    ignored=0   
2023-07-09 14:39:46,859 p=8030 u=ubuntu n=ansible | db01                       : ok=3    changed=1    unreachable=0    failed=0    skipped=0    rescued=0    ignored=0   
2023-07-09 14:39:46,859 p=8030 u=ubuntu n=ansible | mc01                       : ok=3    changed=1    unreachable=0    failed=0    skipped=0    rescued=0    ignored=0   
2023-07-09 14:39:46,859 p=8030 u=ubuntu n=ansible | rmq01                      : ok=3    changed=1    unreachable=0    failed=0    skipped=0    rescued=0    ignored=0   
2023-07-09 14:39:46,860 p=8030 u=ubuntu n=ansible | web01                      : ok=3    changed=1    unreachable=0    failed=0    skipped=0    rescued=0    ignored=0   
